<?xml version="1.0" encoding="UTF-8"?>
<testsuite xmlns:xsi="http://www.w3.org/2001/XMLSchema-instance" xsi:noNamespaceSchemaLocation="https://maven.apache.org/surefire/maven-surefire-plugin/xsd/surefire-test-report.xsd" version="3.0.2" name="com.uq.apitests.RunCucumberTest" time="6.584" tests="1" errors="0" skipped="0" failures="0">
  <properties>
[...]
</properties>
  <testcase name="Flujo completo de usuario - Flujo completo de usuario" classname="RunCucumberTest" time="5.952">
    <system-out><![CDATA[
&amp#27;[1mScenario:&amp#27;[22m Flujo completo de usuario                                                      &amp#27;[90m# classpath:com/uq/apitests/usuario-flows.feature:6&amp#27;[39m
  &amp#27;[32m✔&amp#27;[39m &amp#27;[32m&amp#27;[1mGiven &amp#27;[22mque genero un nuevo usuario aleatorio&amp#27;[39m                                          &amp#27;[90m# com.uq.apitests.steps.StepDefinitions.genero_usuario_aleatorio()&amp#27;[39m
  &amp#27;[32m✔&amp#27;[39m &amp#27;[32m&amp#27;[1mWhen &amp#27;[22mregistro el usuario&amp#27;[39m                                                             &amp#27;[90m# com.uq.apitests.steps.StepDefinitions.registro_usuario()&amp#27;[39m
  &amp#27;[32m✔&amp#27;[39m &amp#27;[32m&amp#27;[1mThen &amp#27;[22mrecibo el enlace de activación&amp#27;[39m                                                  &amp#27;[90m# com.uq.apitests.steps.StepDefinitions.recibe_enlace_activacion()&amp#27;[39m
  &amp#27;[32m✔&amp#27;[39m &amp#27;[32m&amp#27;[1mWhen &amp#27;[22mactivo la cuenta del usuario&amp#27;[39m                                                    &amp#27;[90m# com.uq.apitests.steps.StepDefinitions.activo_cuenta_usuario()&amp#27;[39m
  &amp#27;[32m✔&amp#27;[39m &amp#27;[32m&amp#27;[1mThen &amp#27;[22mel código de estado de respuesta debe ser &amp#27;[1m200&amp#27;[22m&amp#27;[39m                                   &amp#27;[90m# com.uq.apitests.steps.StepDefinitions.el_código_de_estado_de_respuesta_debe_ser(java.lang.Integer)&amp#27;[39m
  &amp#27;[32m✔&amp#27;[39m &amp#27;[32m&amp#27;[1mAnd &amp#27;[22mla respuesta debe coincidir con el esquema &amp#27;[1m"account-status-response-schema.json"&amp#27;[22m&amp#27;[39m &amp#27;[90m# com.uq.apitests.steps.StepDefinitions.la_respuesta_debe_coincidir_con_el_esquema(java.lang.String)&amp#27;[39m
  &amp#27;[32m✔&amp#27;[39m &amp#27;[32m&amp#27;[1mWhen &amp#27;[22minicio sesión con el usuario&amp#27;[39m                                                    &amp#27;[90m# com.uq.apitests.steps.StepDefinitions.login_usuario()&amp#27;[39m
  &amp#27;[32m✔&amp#27;[39m &amp#27;[32m&amp#27;[1mThen &amp#27;[22mel código de estado de respuesta debe ser &amp#27;[1m200&amp#27;[22m&amp#27;[39m                                   &amp#27;[90m# com.uq.apitests.steps.StepDefinitions.el_código_de_estado_de_respuesta_debe_ser(java.lang.Integer)&amp#27;[39m
  &amp#27;[32m✔&amp#27;[39m &amp#27;[32m&amp#27;[1mWhen &amp#27;[22mintento login con contraseña incorrecta&amp#27;[39m                                         &amp#27;[90m# com.uq.apitests.steps.StepDefinitions.login_contrasena_incorrecta()&amp#27;[39m
  &amp#27;[32m✔&amp#27;[39m &amp#27;[32m&amp#27;[1mThen &amp#27;[22mel código de estado de respuesta debe ser &amp#27;[1m400&amp#27;[22m&amp#27;[39m                                   &amp#27;[90m# com.uq.apitests.steps.StepDefinitions.el_código_de_estado_de_respuesta_debe_ser(java.lang.Integer)&amp#27;[39m
  &amp#27;[32m✔&amp#27;[39m &amp#27;[32m&amp#27;[1mAnd &amp#27;[22mla respuesta debe coincidir con el esquema &amp#27;[1m"error-response-schema.json"&amp#27;[22m&amp#27;[39m          &amp#27;[90m# com.uq.apitests.steps.StepDefinitions.la_respuesta_debe_coincidir_con_el_esquema(java.lang.String)&amp#27;[39m
  &amp#27;[32m✔&amp#27;[39m &amp#27;[32m&amp#27;[1mWhen &amp#27;[22mregistro el mismo usuario nuevamente&amp#27;[39m                                            &amp#27;[90m# com.uq.apitests.steps.StepDefinitions.registro_usuario_duplicado()&amp#27;[39m
  &amp#27;[32m✔&amp#27;[39m &amp#27;[32m&amp#27;[1mThen &amp#27;[22mel código de estado de respuesta debe ser &amp#27;[1m409&amp#27;[22m&amp#27;[39m                                   &amp#27;[90m# com.uq.apitests.steps.StepDefinitions.el_código_de_estado_de_respuesta_debe_ser(java.lang.Integer)&amp#27;[39m
  &amp#27;[32m✔&amp#27;[39m &amp#27;[32m&amp#27;[1mWhen &amp#27;[22msolicito un OTP para cambiar la contraseña&amp#27;[39m                                      &amp#27;[90m# com.uq.apitests.steps.StepDefinitions.solicito_otp()&amp#27;[39m
  &amp#27;[32m✔&amp#27;[39m &amp#27;[32m&amp#27;[1mThen &amp#27;[22mel código de estado de respuesta debe ser &amp#27;[1m200&amp#27;[22m&amp#27;[39m                                   &amp#27;[90m# com.uq.apitests.steps.StepDefinitions.el_código_de_estado_de_respuesta_debe_ser(java.lang.Integer)&amp#27;[39m
  &amp#27;[32m✔&amp#27;[39m &amp#27;[32m&amp#27;[1mAnd &amp#27;[22mel OTP generado se almacena&amp#27;[39m                                                      &amp#27;[90m# com.uq.apitests.steps.StepDefinitions.el_otp_generado_se_almacena()&amp#27;[39m
  &amp#27;[32m✔&amp#27;[39m &amp#27;[32m&amp#27;[1mWhen &amp#27;[22mcambio la contraseña del usuario&amp#27;[39m                                                &amp#27;[90m# com.uq.apitests.steps.StepDefinitions.cambio_contraseña()&amp#27;[39m
  &amp#27;[32m✔&amp#27;[39m &amp#27;[32m&amp#27;[1mThen &amp#27;[22mel código de estado de respuesta debe ser &amp#27;[1m200&amp#27;[22m&amp#27;[39m                                   &amp#27;[90m# com.uq.apitests.steps.StepDefinitions.el_código_de_estado_de_respuesta_debe_ser(java.lang.Integer)&amp#27;[39m
  &amp#27;[32m✔&amp#27;[39m &amp#27;[32m&amp#27;[1mAnd &amp#27;[22mla respuesta debe ser &amp#27;[1m"Contraseña reestablecida para el usuario"&amp#27;[22m&amp#27;[39m                 &amp#27;[90m# com.uq.apitests.steps.StepDefinitions.la_respuesta_debe_ser(java.lang.String)&amp#27;[39m
  &amp#27;[32m✔&amp#27;[39m &amp#27;[32m&amp#27;[1mWhen &amp#27;[22mactualizo los datos del usuario&amp#27;[39m                                                 &amp#27;[90m# com.uq.apitests.steps.StepDefinitions.actualizo_datos_usuario()&amp#27;[39m
  &amp#27;[32m✔&amp#27;[39m &amp#27;[32m&amp#27;[1mThen &amp#27;[22mel código de estado de respuesta debe ser &amp#27;[1m200&amp#27;[22m&amp#27;[39m                                   &amp#27;[90m# com.uq.apitests.steps.StepDefinitions.el_código_de_estado_de_respuesta_debe_ser(java.lang.Integer)&amp#27;[39m
  &amp#27;[32m✔&amp#27;[39m &amp#27;[32m&amp#27;[1mAnd &amp#27;[22mla respuesta debe coincidir con el esquema &amp#27;[1m"user-response-schema.json"&amp#27;[22m&amp#27;[39m           &amp#27;[90m# com.uq.apitests.steps.StepDefinitions.la_respuesta_debe_coincidir_con_el_esquema(java.lang.String)&amp#27;[39m
  &amp#27;[32m✔&amp#27;[39m &amp#27;[32m&amp#27;[1mWhen &amp#27;[22melimino el usuario&amp#27;[39m                                                              &amp#27;[90m# com.uq.apitests.steps.StepDefinitions.elimino_usuario()&amp#27;[39m
  &amp#27;[32m✔&amp#27;[39m &amp#27;[32m&amp#27;[1mThen &amp#27;[22mel código de estado de respuesta debe ser &amp#27;[1m204&amp#27;[22m&amp#27;[39m                                   &amp#27;[90m# com.uq.apitests.steps.StepDefinitions.el_código_de_estado_de_respuesta_debe_ser(java.lang.Integer)&amp#27;[39m
]]></system-out>
  </testcase>
</testsuite>